<?xml version="1.0" encoding="UTF-8"?>
<!-- Generated by org.testng.reporters.JUnitXMLReporter -->
<testsuite hostname="DESKTOP-8R9F2IH" ignored="0" name="Command line test" tests="6" failures="0" timestamp="30 Sep 2019 14:24:36 GMT" time="0.048" errors="0">
  <testcase name="IOSApps" time="0.008" classname="Maven.Maven_TestNGIntegration.AppiumTest"/>
  <testcase name="NativeAPpAndroid" time="0.0" classname="Maven.Maven_TestNGIntegration.AppiumTest"/>
  <testcase name="deleteTwitter" time="0.0" classname="Maven.Maven_TestNGIntegration.RestAPITest"/>
  <testcase name="postJira" time="0.0" classname="Maven.Maven_TestNGIntegration.RestAPITest"/>
  <testcase name="BrowserAUtomation" time="0.004" classname="Maven.Maven_TestNGIntegration.SeleniumTest"/>
  <testcase name="elementsUi" time="0.0" classname="Maven.Maven_TestNGIntegration.SeleniumTest"/>
</testsuite> <!-- Command line test -->
