<?xml version="1.0" encoding="UTF-8"?>
<testng-results skipped="0" failed="0" ignored="0" total="6" passed="6">
  <reporter-output>
  </reporter-output>
  <suite name="Command line suite" duration-ms="48" started-at="2019-09-30T14:24:36Z" finished-at="2019-09-30T14:24:36Z">
    <groups>
    </groups>
    <test name="Command line test" duration-ms="48" started-at="2019-09-30T14:24:36Z" finished-at="2019-09-30T14:24:36Z">
      <class name="Maven.Maven_TestNGIntegration.AppiumTest">
        <test-method status="PASS" signature="IOSApps()[pri:0, instance:Maven.Maven_TestNGIntegration.AppiumTest@6be46e8f]" name="IOSApps" duration-ms="8" started-at="2019-09-30T14:24:36Z" finished-at="2019-09-30T14:24:36Z">
          <reporter-output>
          </reporter-output>
        </test-method> <!-- IOSApps -->
        <test-method status="PASS" signature="NativeAPpAndroid()[pri:0, instance:Maven.Maven_TestNGIntegration.AppiumTest@6be46e8f]" name="NativeAPpAndroid" duration-ms="0" started-at="2019-09-30T14:24:36Z" finished-at="2019-09-30T14:24:36Z">
          <reporter-output>
          </reporter-output>
        </test-method> <!-- NativeAPpAndroid -->
      </class> <!-- Maven.Maven_TestNGIntegration.AppiumTest -->
      <class name="Maven.Maven_TestNGIntegration.RestAPITest">
        <test-method status="PASS" signature="deleteTwitter()[pri:0, instance:Maven.Maven_TestNGIntegration.RestAPITest@3567135c]" name="deleteTwitter" duration-ms="0" started-at="2019-09-30T14:24:36Z" finished-at="2019-09-30T14:24:36Z">
          <reporter-output>
          </reporter-output>
        </test-method> <!-- deleteTwitter -->
        <test-method status="PASS" signature="postJira()[pri:0, instance:Maven.Maven_TestNGIntegration.RestAPITest@3567135c]" name="postJira" duration-ms="0" started-at="2019-09-30T14:24:36Z" finished-at="2019-09-30T14:24:36Z">
          <reporter-output>
          </reporter-output>
        </test-method> <!-- postJira -->
      </class> <!-- Maven.Maven_TestNGIntegration.RestAPITest -->
      <class name="Maven.Maven_TestNGIntegration.SeleniumTest">
        <test-method status="PASS" signature="BrowserAUtomation()[pri:0, instance:Maven.Maven_TestNGIntegration.SeleniumTest@327471b5]" name="BrowserAUtomation" duration-ms="4" started-at="2019-09-30T14:24:36Z" finished-at="2019-09-30T14:24:36Z">
          <reporter-output>
          </reporter-output>
        </test-method> <!-- BrowserAUtomation -->
        <test-method status="PASS" signature="elementsUi()[pri:0, instance:Maven.Maven_TestNGIntegration.SeleniumTest@327471b5]" name="elementsUi" duration-ms="0" started-at="2019-09-30T14:24:36Z" finished-at="2019-09-30T14:24:36Z">
          <reporter-output>
          </reporter-output>
        </test-method> <!-- elementsUi -->
      </class> <!-- Maven.Maven_TestNGIntegration.SeleniumTest -->
    </test> <!-- Command line test -->
  </suite> <!-- Command line suite -->
</testng-results>
